c:\users\daniel\desktop\c++\gameof21\gameof21\debug\gameof21.pch
c:\users\daniel\desktop\c++\gameof21\gameof21\debug\vc141.pdb
c:\users\daniel\desktop\c++\gameof21\gameof21\debug\vc141.idb
c:\users\daniel\desktop\c++\gameof21\gameof21\debug\pch.obj
c:\users\daniel\desktop\c++\gameof21\gameof21\debug\methods.obj
c:\users\daniel\desktop\c++\gameof21\gameof21\debug\gameof21.obj
c:\users\daniel\desktop\c++\gameof21\debug\gameof21.exe
c:\users\daniel\desktop\c++\gameof21\debug\gameof21.ilk
c:\users\daniel\desktop\c++\gameof21\debug\gameof21.pdb
c:\users\daniel\desktop\c++\gameof21\gameof21\debug\gameof21.tlog\cl.command.1.tlog
c:\users\daniel\desktop\c++\gameof21\gameof21\debug\gameof21.tlog\cl.read.1.tlog
c:\users\daniel\desktop\c++\gameof21\gameof21\debug\gameof21.tlog\cl.write.1.tlog
c:\users\daniel\desktop\c++\gameof21\gameof21\debug\gameof21.tlog\link.8744-cvtres.read.1.tlog
c:\users\daniel\desktop\c++\gameof21\gameof21\debug\gameof21.tlog\link.8744-cvtres.write.1.tlog
c:\users\daniel\desktop\c++\gameof21\gameof21\debug\gameof21.tlog\link.8744-rc.read.1.tlog
c:\users\daniel\desktop\c++\gameof21\gameof21\debug\gameof21.tlog\link.8744-rc.write.1.tlog
c:\users\daniel\desktop\c++\gameof21\gameof21\debug\gameof21.tlog\link.8744.read.1.tlog
c:\users\daniel\desktop\c++\gameof21\gameof21\debug\gameof21.tlog\link.8744.write.1.tlog
c:\users\daniel\desktop\c++\gameof21\gameof21\debug\gameof21.tlog\link.command.1.tlog
c:\users\daniel\desktop\c++\gameof21\gameof21\debug\gameof21.tlog\link.read.1.tlog
c:\users\daniel\desktop\c++\gameof21\gameof21\debug\gameof21.tlog\link.write.1.tlog
